生成启动时间为 2015/4/16 0:27:45。
     1>项目“C:\Users\chao\Desktop\SIMS\20150120_SIMS.vcxproj”在节点 2 上(Build 个目标)。
     1>ClCompile:
         D:\Visual studio\VC\bin\CL.exe /c /ZI /nologo /W3 /WX- /Od /Oy- /D WIN32 /D _DEBUG /D _CONSOLE /D _UNICODE /D UNICODE /Gm /EHsc /RTC1 /MDd /GS /fp:precise /Zc:wchar_t /Zc:forScope /Fo"Debug\\" /Fd"Debug\vc110.pdb" /Gd /TC /analyze- /errorReport:prompt 20150120_main.c 20150120_sims.c
         20150120_sims.c
     1>c:\users\chao\desktop\sims\20150120_sims.c(28): warning C4996: 'fopen': This function or variable may be unsafe. Consider using fopen_s instead. To disable deprecation, use _CRT_SECURE_NO_WARNINGS. See online help for details.
                 d:\visual studio\vc\include\stdio.h(218) : 参见“fopen”的声明
     1>c:\users\chao\desktop\sims\20150120_sims.c(40): warning C4996: 'fopen': This function or variable may be unsafe. Consider using fopen_s instead. To disable deprecation, use _CRT_SECURE_NO_WARNINGS. See online help for details.
                 d:\visual studio\vc\include\stdio.h(218) : 参见“fopen”的声明
     1>c:\users\chao\desktop\sims\20150120_sims.c(50): warning C4996: 'sscanf': This function or variable may be unsafe. Consider using sscanf_s instead. To disable deprecation, use _CRT_SECURE_NO_WARNINGS. See online help for details.
                 d:\visual studio\vc\include\stdio.h(311) : 参见“sscanf”的声明
     1>c:\users\chao\desktop\sims\20150120_sims.c(77): warning C4996: 'fopen': This function or variable may be unsafe. Consider using fopen_s instead. To disable deprecation, use _CRT_SECURE_NO_WARNINGS. See online help for details.
                 d:\visual studio\vc\include\stdio.h(218) : 参见“fopen”的声明
     1>c:\users\chao\desktop\sims\20150120_sims.c(91): warning C4996: 'sscanf': This function or variable may be unsafe. Consider using sscanf_s instead. To disable deprecation, use _CRT_SECURE_NO_WARNINGS. See online help for details.
                 d:\visual studio\vc\include\stdio.h(311) : 参见“sscanf”的声明
         20150120_main.c
         正在生成代码...
       Link:
         D:\Visual studio\VC\bin\link.exe /ERRORREPORT:PROMPT /OUT:"C:\Users\chao\Desktop\SIMS\Debug\20150120_SIMS.exe" /INCREMENTAL /NOLOGO kernel32.lib user32.lib gdi32.lib winspool.lib comdlg32.lib advapi32.lib shell32.lib ole32.lib oleaut32.lib uuid.lib odbc32.lib odbccp32.lib /MANIFEST /MANIFESTUAC:"level='asInvoker' uiAccess='false'" /manifest:embed /DEBUG /PDB:"C:\Users\chao\Desktop\SIMS\Debug\20150120_SIMS.pdb" /SUBSYSTEM:CONSOLE /TLBID:1 /DYNAMICBASE /NXCOMPAT /IMPLIB:"C:\Users\chao\Desktop\SIMS\Debug\20150120_SIMS.lib" /MACHINE:X86 Debug\20150120_main.obj
         Debug\20150120_sims.obj
         20150120_SIMS.vcxproj -> C:\Users\chao\Desktop\SIMS\Debug\20150120_SIMS.exe
     1>已完成生成项目“C:\Users\chao\Desktop\SIMS\20150120_SIMS.vcxproj”(Build 个目标)的操作。

生成成功。

已用时间 00:00:01.48
